<?xml version="1.0" encoding="UTF-8"?>
<testng-results ignored="0" total="1" passed="1" failed="0" skipped="0">
  <reporter-output>
  </reporter-output>
  <suite started-at="2024-11-27T05:53:49 IST" name="Default suite" finished-at="2024-11-27T05:53:52 IST" duration-ms="3370">
    <groups>
    </groups>
    <test started-at="2024-11-27T05:53:49 IST" name="Default test" finished-at="2024-11-27T05:53:52 IST" duration-ms="3370">
      <class name="testcases.StudentRegistrationFormTest">
        <test-method is-config="true" signature="setup()[pri:0, instance:testcases.StudentRegistrationFormTest@7a8c8dcf]" started-at="2024-11-27T05:53:49 IST" name="setup" finished-at="2024-11-27T05:53:52 IST" duration-ms="3100" status="PASS">
          <reporter-output>
          </reporter-output>
        </test-method> <!-- setup -->
        <test-method signature="RegistrationForm()[pri:0, instance:testcases.StudentRegistrationFormTest@7a8c8dcf]" started-at="2024-11-27T05:53:52 IST" name="RegistrationForm" finished-at="2024-11-27T05:53:52 IST" duration-ms="228" status="PASS">
          <reporter-output>
          </reporter-output>
        </test-method> <!-- RegistrationForm -->
      </class> <!-- testcases.StudentRegistrationFormTest -->
    </test> <!-- Default test -->
  </suite> <!-- Default suite -->
</testng-results>
